[debug] [2022-04-03T07:22:56.801Z] ----------------------------------------------------------------------
[debug] [2022-04-03T07:22:56.802Z] Command:       /usr/local/bin/node /usr/local/bin/firebase init
[debug] [2022-04-03T07:22:56.802Z] CLI Version:   10.5.0
[debug] [2022-04-03T07:22:56.802Z] Platform:      darwin
[debug] [2022-04-03T07:22:56.802Z] Node Version:  v14.18.0
[debug] [2022-04-03T07:22:56.807Z] Time:          Sun Apr 03 2022 12:52:56 GMT+0530 (India Standard Time)
[debug] [2022-04-03T07:22:56.807Z] ----------------------------------------------------------------------
[debug] 
[debug] [2022-04-03T07:22:56.813Z] > command requires scopes: ["email","openid","https://www.googleapis.com/auth/cloudplatformprojects.readonly","https://www.googleapis.com/auth/firebase","https://www.googleapis.com/auth/cloud-platform"]
[debug] [2022-04-03T07:22:56.813Z] > authorizing via signed-in user (arpantio22@gmail.com)
[info] 
     ######## #### ########  ######## ########     ###     ######  ########
     ##        ##  ##     ## ##       ##     ##  ##   ##  ##       ##
     ######    ##  ########  ######   ########  #########  ######  ######
     ##        ##  ##    ##  ##       ##     ## ##     ##       ## ##
     ##       #### ##     ## ######## ########  ##     ##  ######  ########

You're about to initialize a Firebase project in this directory:

  /Applications/XAMPP/xamppfiles/htdocs/login

Before we get started, keep in mind:

  * You are currently outside your home directory

[info] 
=== Project Setup
[info] 
[info] First, let's associate this project directory with a Firebase project.
[info] You can create multiple project aliases by running firebase use --add, 
[info] but for now we'll just set up a default project.
[info] 
[debug] [2022-04-03T07:23:38.863Z] >>> [apiv2][query] GET https://firebase.googleapis.com/v1beta1/projects pageSize=100
[debug] [2022-04-03T07:23:40.191Z] <<< [apiv2][status] GET https://firebase.googleapis.com/v1beta1/projects 200
[debug] [2022-04-03T07:23:40.191Z] <<< [apiv2][body] GET https://firebase.googleapis.com/v1beta1/projects [omitted]
[info] i  Using project astrix-ed73d (astrix) 
[info] 
=== Hosting Setup
[info] 
[info] Your public directory is the folder (relative to your project directory) that
[info] will contain Hosting assets to be uploaded with firebase deploy. If you
[info] have a build process for your assets, use your build's output directory.
[info] 
